<?xml version="1.0" encoding="UTF-8"?>
<!-- Generated by org.testng.reporters.JUnitXMLReporter -->
<testsuite ignored="0" hostname="Marias-MacBook-Pro.local" failures="0" tests="5" name="Default test" time="13.407" errors="0" timestamp="2022-07-14T21:45:27 PDT">
  <testcase classname="selenium.MouseActionsTest" name="clickOnLink" time="0.324"/>
  <testcase classname="selenium.MouseActionsTest" name="clickTextBox" time="0.551"/>
  <testcase classname="selenium.MouseActionsTest" name="dragAndDrop" time="0.277"/>
  <testcase classname="selenium.MouseActionsTest" name="enterMouseBox" time="0.17"/>
  <testcase classname="selenium.MouseActionsTest" name="mouseHover" time="0.13"/>
</testsuite> <!-- Default test -->
