<?xml version="1.0" encoding="UTF-8"?>
<!-- Generated by org.testng.reporters.JUnitXMLReporter -->
<testsuite ignored="0" hostname="Marias-MacBook-Pro.local" failures="0" tests="3" name="Keyboard Keys Test" time="5.717" errors="0" timestamp="2022-07-15T11:12:53 PDT">
  <testcase classname="selenium.KeysText" name="fillTextBox" time="0.177"/>
  <testcase classname="selenium.KeysText" name="keyDown" time="0.171"/>
  <testcase classname="selenium.KeysText" name="keyUp" time="0.157"/>
</testsuite> <!-- Keyboard Keys Test -->
