<?xml version="1.0" encoding="UTF-8"?>
<!-- Generated by org.testng.reporters.JUnitXMLReporter -->
<testsuite ignored="0" hostname="Marias-MacBook-Pro.local" failures="0" tests="5" name="Mouse Actions Test" time="13.943" errors="0" timestamp="2022-07-15T11:12:42 PDT">
  <testcase classname="selenium.MouseActionsTest" name="clickOnLink" time="0.28"/>
  <testcase classname="selenium.MouseActionsTest" name="clickTextBox" time="0.543"/>
  <testcase classname="selenium.MouseActionsTest" name="dragAndDrop" time="0.264"/>
  <testcase classname="selenium.MouseActionsTest" name="enterMouseBox" time="0.149"/>
  <testcase classname="selenium.MouseActionsTest" name="mouseHover" time="0.131"/>
</testsuite> <!-- Mouse Actions Test -->
