<?xml version="1.0" encoding="UTF-8"?>
<testsuite xmlns:xsi="http://www.w3.org/2001/XMLSchema-instance" xsi:noNamespaceSchemaLocation="https://maven.apache.org/surefire/maven-surefire-plugin/xsd/surefire-test-report-3.0.xsd" version="3.0" name="TestSuite" time="30.111" tests="8" errors="0" skipped="0" failures="0">
  <properties>
[...]
</properties>
  <testcase name="clickOnLink" classname="selenium.MouseActionsTest" time="0.279">
    <system-out><![CDATA[https://www.selenium.dev/selenium/web/resultPage.html
We Arrive Here
]]></system-out>
    <system-err><![CDATA[SLF4J: Failed to load class "org.slf4j.impl.StaticLoggerBinder".
SLF4J: Defaulting to no-operation (NOP) logger implementation
SLF4J: See http://www.slf4j.org/codes.html#StaticLoggerBinder for further details.
1657908745942	geckodriver	INFO	Listening on 127.0.0.1:64453
1657908751200	mozrunner::runner	INFO	Running command: "/Applications/Firefox.app/Contents/MacOS/firefox-bin" "--marionette" "--remote-debugging-port" "55898" "--remote-allow-hosts" "localhost" "--remote-allow-origins" "http://localhost:55898/" "-foreground" "-no-remote" "-profile" "/var/folders/rf/b62c7cm55x18l_hjqzw8vy4m0000gn/T/rust_mozprofileqTrLE2"
2022-07-15 11:12:31.988 plugin-container[8796:297074] nil host used in call to allowsSpecificHTTPSCertificateForHost
2022-07-15 11:12:31.989 plugin-container[8796:297074] nil host used in call to allowsAnyHTTPSCertificateForHost:
1657908752016	Marionette	INFO	Marionette enabled
2022-07-15 11:12:32.026 plugin-container[8796:297074] nil host used in call to allowsSpecificHTTPSCertificateForHost
2022-07-15 11:12:32.026 plugin-container[8796:297074] nil host used in call to allowsAnyHTTPSCertificateForHost:
2022-07-15 11:12:32.026 plugin-container[8796:297078] nil host used in call to allowsSpecificHTTPSCertificateForHost
2022-07-15 11:12:32.026 plugin-container[8796:297078] nil host used in call to allowsAnyHTTPSCertificateForHost:
1657908752083	Marionette	INFO	Listening on port 50039
WebDriver BiDi listening on ws://localhost:55898
Read port: 50039
1657908752300	RemoteAgent	WARN	TLS certificate errors will be ignored for this session
console.warn: SearchSettings: "get: No settings file exists, new profile?" (new NotFoundError("Could not open the file at /var/folders/rf/b62c7cm55x18l_hjqzw8vy4m0000gn/T/rust_mozprofileqTrLE2/search.json.mozlz4", (void 0)))
DevTools listening on ws://localhost:55898/devtools/browser/b388c958-cc9b-4675-b509-4f36ac092514
Jul 15, 2022 11:12:34 AM org.openqa.selenium.remote.ProtocolHandshake createSession
INFO: Detected upstream dialect: W3C
]]></system-err>
  </testcase>
  <testcase name="clickTextBox" classname="selenium.MouseActionsTest" time="0.543">
    <system-out><![CDATA[focused
double-clicked
context-clicked
]]></system-out>
    <system-err><![CDATA[console.warn: LoginRecipes: "getRecipes: falling back to a synchronous message for:" "https://www.selenium.dev"
]]></system-err>
  </testcase>
  <testcase name="dragAndDrop" classname="selenium.MouseActionsTest" time="0.264">
    <system-out><![CDATA[dropped
]]></system-out>
  </testcase>
  <testcase name="enterMouseBox" classname="selenium.MouseActionsTest" time="0.149">
    <system-out><![CDATA[119, 653
101, 73
]]></system-out>
  </testcase>
  <testcase name="mouseHover" classname="selenium.MouseActionsTest" time="0.131">
    <system-out><![CDATA[hovered
]]></system-out>
  </testcase>
  <testcase name="fillTextBox" classname="selenium.KeysText" time="0.177">
    <system-out><![CDATA[selenium
]]></system-out>
    <system-err><![CDATA[1657908756991	Marionette	INFO	Stopped listening on port 50039
1657908763093	geckodriver	INFO	Listening on 127.0.0.1:51917
1657908764132	mozrunner::runner	INFO	Running command: "/Applications/Firefox.app/Contents/MacOS/firefox-bin" "--marionette" "--remote-debugging-port" "58465" "--remote-allow-hosts" "localhost" "--remote-allow-origins" "http://localhost:58465/" "-foreground" "-no-remote" "-profile" "/var/folders/rf/b62c7cm55x18l_hjqzw8vy4m0000gn/T/rust_mozprofileVqecux"
2022-07-15 11:12:44.577 plugin-container[8808:298131] nil host used in call to allowsSpecificHTTPSCertificateForHost
2022-07-15 11:12:44.577 plugin-container[8808:298131] nil host used in call to allowsAnyHTTPSCertificateForHost:
2022-07-15 11:12:44.582 plugin-container[8808:298131] nil host used in call to allowsSpecificHTTPSCertificateForHost
2022-07-15 11:12:44.582 plugin-container[8808:298131] nil host used in call to allowsAnyHTTPSCertificateForHost:
2022-07-15 11:12:44.583 plugin-container[8808:298137] nil host used in call to allowsSpecificHTTPSCertificateForHost
2022-07-15 11:12:44.583 plugin-container[8808:298137] nil host used in call to allowsAnyHTTPSCertificateForHost:
1657908764599	Marionette	INFO	Marionette enabled
1657908764628	Marionette	INFO	Listening on port 50119
WebDriver BiDi listening on ws://localhost:58465
Read port: 50119
1657908764961	RemoteAgent	WARN	TLS certificate errors will be ignored for this session
console.warn: SearchSettings: "get: No settings file exists, new profile?" (new NotFoundError("Could not open the file at /var/folders/rf/b62c7cm55x18l_hjqzw8vy4m0000gn/T/rust_mozprofileVqecux/search.json.mozlz4", (void 0)))
DevTools listening on ws://localhost:58465/devtools/browser/6eca8b83-e79d-494b-aaff-aa25f3d54db6
Jul 15, 2022 11:12:46 AM org.openqa.selenium.remote.ProtocolHandshake createSession
INFO: Detected upstream dialect: W3C
]]></system-err>
  </testcase>
  <testcase name="keyDown" classname="selenium.KeysText" time="0.171">
    <system-out><![CDATA[A
]]></system-out>
  </testcase>
  <testcase name="keyUp" classname="selenium.KeysText" time="0.156">
    <system-out><![CDATA[Ab
]]></system-out>
  </testcase>
</testsuite>